<?xml version="1.0" encoding="UTF-8"?>
<testsuite xmlns:xsi="http://www.w3.org/2001/XMLSchema-instance" xsi:noNamespaceSchemaLocation="https://maven.apache.org/surefire/maven-surefire-plugin/xsd/surefire-test-report.xsd" name="com.taotao.common.bean.AppTest" time="0.057" tests="1" errors="0" skipped="0" failures="0">
  <properties>
    <property name="sun.desktop" value="windows"/>
    <property name="awt.toolkit" value="sun.awt.windows.WToolkit"/>
    <property name="file.encoding.pkg" value="sun.io"/>
    <property name="java.specification.version" value="1.8"/>
    <property name="sun.cpu.isalist" value="amd64"/>
    <property name="sun.jnu.encoding" value="GBK"/>
    <property name="java.class.path" value="E:\JAVA\idea\idea-pro\taotao-parent\taotao-common\target\test-classes;E:\JAVA\idea\idea-pro\taotao-parent\taotao-common\target\classes;E:\JAVA\idea\idea_repository\com\taotao\taotao-common\1.0-SNAPSHOT\taotao-common-1.0-SNAPSHOT.jar;E:\JAVA\idea\idea_repository\org\apache\httpcomponents\httpclient\4.3.5\httpclient-4.3.5.jar;E:\JAVA\idea\idea_repository\org\apache\httpcomponents\httpcore\4.3.2\httpcore-4.3.2.jar;E:\JAVA\idea\idea_repository\commons-logging\commons-logging\1.1.3\commons-logging-1.1.3.jar;E:\JAVA\idea\idea_repository\commons-codec\commons-codec\1.6\commons-codec-1.6.jar;E:\JAVA\idea\idea_repository\junit\junit\4.12\junit-4.12.jar;E:\JAVA\idea\idea_repository\org\hamcrest\hamcrest-core\1.3\hamcrest-core-1.3.jar;E:\JAVA\idea\idea_repository\com\fasterxml\jackson\core\jackson-databind\2.9.8\jackson-databind-2.9.8.jar;E:\JAVA\idea\idea_repository\com\fasterxml\jackson\core\jackson-annotations\2.9.0\jackson-annotations-2.9.0.jar;E:\JAVA\idea\idea_repository\com\fasterxml\jackson\core\jackson-core\2.9.8\jackson-core-2.9.8.jar;E:\JAVA\idea\idea_repository\org\springframework\spring-web\4.3.10.RELEASE\spring-web-4.3.10.RELEASE.jar;E:\JAVA\idea\idea_repository\org\springframework\spring-aop\4.3.10.RELEASE\spring-aop-4.3.10.RELEASE.jar;E:\JAVA\idea\idea_repository\org\springframework\spring-beans\4.3.10.RELEASE\spring-beans-4.3.10.RELEASE.jar;E:\JAVA\idea\idea_repository\org\springframework\spring-context\4.3.10.RELEASE\spring-context-4.3.10.RELEASE.jar;E:\JAVA\idea\idea_repository\org\springframework\spring-expression\4.3.10.RELEASE\spring-expression-4.3.10.RELEASE.jar;E:\JAVA\idea\idea_repository\org\springframework\spring-core\4.3.10.RELEASE\spring-core-4.3.10.RELEASE.jar;E:\JAVA\idea\idea_repository\javax\servlet\servlet-api\2.5\servlet-api-2.5.jar;E:\JAVA\idea\idea_repository\org\apache\commons\commons-lang3\3.8.1\commons-lang3-3.8.1.jar;E:\JAVA\idea\idea_repository\commons-io\commons-io\1.3.2\commons-io-1.3.2.jar;E:\JAVA\idea\idea_repository\redis\clients\jedis\2.8.1\jedis-2.8.1.jar;E:\JAVA\idea\idea_repository\org\apache\commons\commons-pool2\2.4.2\commons-pool2-2.4.2.jar;E:\JAVA\idea\idea_repository\org\slf4j\slf4j-log4j12\1.7.25\slf4j-log4j12-1.7.25.jar;E:\JAVA\idea\idea_repository\org\slf4j\slf4j-api\1.7.25\slf4j-api-1.7.25.jar;E:\JAVA\idea\idea_repository\log4j\log4j\1.2.17\log4j-1.2.17.jar;"/>
    <property name="java.vm.vendor" value="Oracle Corporation"/>
    <property name="sun.arch.data.model" value="64"/>
    <property name="user.variant" value=""/>
    <property name="java.vendor.url" value="http://java.oracle.com/"/>
    <property name="user.timezone" value="Asia/Shanghai"/>
    <property name="java.vm.specification.version" value="1.8"/>
    <property name="os.name" value="Windows 10"/>
    <property name="user.country" value="CN"/>
    <property name="sun.java.launcher" value="SUN_STANDARD"/>
    <property name="sun.boot.library.path" value="C:\Program Files\Java\jdk1.8.0_73\jre\bin"/>
    <property name="sun.java.command" value="C:\Users\thinkpad\AppData\Local\Temp\surefire3714815062896362785\surefirebooter246824753399108612.jar C:\Users\thinkpad\AppData\Local\Temp\surefire3714815062896362785 2019-08-21T15-04-15_261-jvmRun1 surefire6235951728366024218tmp surefire_01633885888478561093tmp"/>
    <property name="surefire.test.class.path" value="E:\JAVA\idea\idea-pro\taotao-parent\taotao-common\target\test-classes;E:\JAVA\idea\idea-pro\taotao-parent\taotao-common\target\classes;E:\JAVA\idea\idea_repository\com\taotao\taotao-common\1.0-SNAPSHOT\taotao-common-1.0-SNAPSHOT.jar;E:\JAVA\idea\idea_repository\org\apache\httpcomponents\httpclient\4.3.5\httpclient-4.3.5.jar;E:\JAVA\idea\idea_repository\org\apache\httpcomponents\httpcore\4.3.2\httpcore-4.3.2.jar;E:\JAVA\idea\idea_repository\commons-logging\commons-logging\1.1.3\commons-logging-1.1.3.jar;E:\JAVA\idea\idea_repository\commons-codec\commons-codec\1.6\commons-codec-1.6.jar;E:\JAVA\idea\idea_repository\junit\junit\4.12\junit-4.12.jar;E:\JAVA\idea\idea_repository\org\hamcrest\hamcrest-core\1.3\hamcrest-core-1.3.jar;E:\JAVA\idea\idea_repository\com\fasterxml\jackson\core\jackson-databind\2.9.8\jackson-databind-2.9.8.jar;E:\JAVA\idea\idea_repository\com\fasterxml\jackson\core\jackson-annotations\2.9.0\jackson-annotations-2.9.0.jar;E:\JAVA\idea\idea_repository\com\fasterxml\jackson\core\jackson-core\2.9.8\jackson-core-2.9.8.jar;E:\JAVA\idea\idea_repository\org\springframework\spring-web\4.3.10.RELEASE\spring-web-4.3.10.RELEASE.jar;E:\JAVA\idea\idea_repository\org\springframework\spring-aop\4.3.10.RELEASE\spring-aop-4.3.10.RELEASE.jar;E:\JAVA\idea\idea_repository\org\springframework\spring-beans\4.3.10.RELEASE\spring-beans-4.3.10.RELEASE.jar;E:\JAVA\idea\idea_repository\org\springframework\spring-context\4.3.10.RELEASE\spring-context-4.3.10.RELEASE.jar;E:\JAVA\idea\idea_repository\org\springframework\spring-expression\4.3.10.RELEASE\spring-expression-4.3.10.RELEASE.jar;E:\JAVA\idea\idea_repository\org\springframework\spring-core\4.3.10.RELEASE\spring-core-4.3.10.RELEASE.jar;E:\JAVA\idea\idea_repository\javax\servlet\servlet-api\2.5\servlet-api-2.5.jar;E:\JAVA\idea\idea_repository\org\apache\commons\commons-lang3\3.8.1\commons-lang3-3.8.1.jar;E:\JAVA\idea\idea_repository\commons-io\commons-io\1.3.2\commons-io-1.3.2.jar;E:\JAVA\idea\idea_repository\redis\clients\jedis\2.8.1\jedis-2.8.1.jar;E:\JAVA\idea\idea_repository\org\apache\commons\commons-pool2\2.4.2\commons-pool2-2.4.2.jar;E:\JAVA\idea\idea_repository\org\slf4j\slf4j-log4j12\1.7.25\slf4j-log4j12-1.7.25.jar;E:\JAVA\idea\idea_repository\org\slf4j\slf4j-api\1.7.25\slf4j-api-1.7.25.jar;E:\JAVA\idea\idea_repository\log4j\log4j\1.2.17\log4j-1.2.17.jar;"/>
    <property name="sun.cpu.endian" value="little"/>
    <property name="user.home" value="C:\Users\thinkpad"/>
    <property name="user.language" value="zh"/>
    <property name="java.specification.vendor" value="Oracle Corporation"/>
    <property name="java.home" value="C:\Program Files\Java\jdk1.8.0_73\jre"/>
    <property name="basedir" value="E:\JAVA\idea\idea-pro\taotao-parent\taotao-common"/>
    <property name="file.separator" value="\"/>
    <property name="line.separator" value="&#10;"/>
    <property name="java.vm.specification.vendor" value="Oracle Corporation"/>
    <property name="java.specification.name" value="Java Platform API Specification"/>
    <property name="java.awt.graphicsenv" value="sun.awt.Win32GraphicsEnvironment"/>
    <property name="surefire.real.class.path" value="C:\Users\thinkpad\AppData\Local\Temp\surefire3714815062896362785\surefirebooter246824753399108612.jar"/>
    <property name="sun.boot.class.path" value="C:\Program Files\Java\jdk1.8.0_73\jre\lib\resources.jar;C:\Program Files\Java\jdk1.8.0_73\jre\lib\rt.jar;C:\Program Files\Java\jdk1.8.0_73\jre\lib\sunrsasign.jar;C:\Program Files\Java\jdk1.8.0_73\jre\lib\jsse.jar;C:\Program Files\Java\jdk1.8.0_73\jre\lib\jce.jar;C:\Program Files\Java\jdk1.8.0_73\jre\lib\charsets.jar;C:\Program Files\Java\jdk1.8.0_73\jre\lib\jfr.jar;C:\Program Files\Java\jdk1.8.0_73\jre\classes"/>
    <property name="user.script" value=""/>
    <property name="sun.management.compiler" value="HotSpot 64-Bit Tiered Compilers"/>
    <property name="java.runtime.version" value="1.8.0_73-b02"/>
    <property name="user.name" value="thinkpad"/>
    <property name="path.separator" value=";"/>
    <property name="os.version" value="10.0"/>
    <property name="java.endorsed.dirs" value="C:\Program Files\Java\jdk1.8.0_73\jre\lib\endorsed"/>
    <property name="java.runtime.name" value="Java(TM) SE Runtime Environment"/>
    <property name="file.encoding" value="GBK"/>
    <property name="java.vm.name" value="Java HotSpot(TM) 64-Bit Server VM"/>
    <property name="localRepository" value="E:\JAVA\idea\idea_repository"/>
    <property name="java.vendor.url.bug" value="http://bugreport.sun.com/bugreport/"/>
    <property name="java.io.tmpdir" value="C:\Users\thinkpad\AppData\Local\Temp\"/>
    <property name="idea.version" value="2018.1"/>
    <property name="java.version" value="1.8.0_73"/>
    <property name="user.dir" value="E:\JAVA\idea\idea-pro\taotao-parent\taotao-common"/>
    <property name="os.arch" value="amd64"/>
    <property name="java.vm.specification.name" value="Java Virtual Machine Specification"/>
    <property name="java.awt.printerjob" value="sun.awt.windows.WPrinterJob"/>
    <property name="sun.os.patch.level" value=""/>
    <property name="java.library.path" value="C:\Program Files\Java\jdk1.8.0_73\jre\bin;C:\WINDOWS\Sun\Java\bin;C:\WINDOWS\system32;C:\WINDOWS;D:\xshell_xftp\xshell\;D:\xshell_xftp\xftp\;C:\Program Files\Java\jdk1.8.0_73/bin;C:\ProgramData\Oracle\Java\javapath;C:\WINDOWS\system32;C:\WINDOWS;C:\WINDOWS\System32\Wbem;C:\WINDOWS\System32\WindowsPowerShell\v1.0\;D:\软件\Bin;E;\JAVA\MySQL\mysql-8.0.11-winx64\bin;E:\JAVA\MySQL\MySQL\bin;F:\application\MATLAB\R2018\runtime\win64;F:\application\MATLAB\R2018\bin;C:\WINDOWS\System32\OpenSSH\;E:\JAVA\idea\tool\apache-maven-3.6.0\bin;D:\Git\Git\cmd;C:\Users\thinkpad\AppData\Local\Microsoft\WindowsApps;;."/>
    <property name="java.vm.info" value="mixed mode"/>
    <property name="java.vendor" value="Oracle Corporation"/>
    <property name="java.vm.version" value="25.73-b02"/>
    <property name="java.ext.dirs" value="C:\Program Files\Java\jdk1.8.0_73\jre\lib\ext;C:\WINDOWS\Sun\Java\lib\ext"/>
    <property name="sun.io.unicode.encoding" value="UnicodeLittle"/>
    <property name="java.class.version" value="52.0"/>
  </properties>
  <testcase name="shouldAnswerWithTrue" classname="com.taotao.common.bean.AppTest" time="0.001"/>
</testsuite>